<?xml version="1.0" encoding="UTF-8"?>
<testsuite name="DAT250.exercises.jpa.polls.PollsTest" tests="3" skipped="0" failures="0" errors="0" timestamp="2025-10-08T12:57:41.756Z" hostname="DESKTOP-VMCCLI4" time="1.931">
  <properties/>
  <testcase name="testOptions()" classname="DAT250.exercises.jpa.polls.PollsTest" time="0.991"/>
  <testcase name="testUsers()" classname="DAT250.exercises.jpa.polls.PollsTest" time="0.515"/>
  <testcase name="testVotes()" classname="DAT250.exercises.jpa.polls.PollsTest" time="0.421"/>
  <system-out><![CDATA[2025-10-08T14:57:41.778+02:00  INFO 25720 --- [exercises] [    Test worker] o.hibernate.jpa.internal.util.LogHelper  : HHH000204: Processing PersistenceUnitInfo [name: polls]
2025-10-08T14:57:41.841+02:00  WARN 25720 --- [exercises] [    Test worker] org.hibernate.orm.connections.pooling    : HHH10001002: Using built-in connection pool (not intended for production use)
2025-10-08T14:57:41.952+02:00  INFO 25720 --- [exercises] [    Test worker] org.hibernate.orm.connections.pooling    : HHH10001005: Database info:
	Database JDBC URL [jdbc:h2:file:./build/h2/pollsdb;DB_CLOSE_DELAY=-1;DB_CLOSE_ON_EXIT=FALSE]
	Database driver: H2 JDBC Driver
	Database dialect: H2Dialect
	Database version: 2.3.232
	Default catalog/schema: POLLSDB/PUBLIC
	Autocommit mode: false
	Isolation level: READ_COMMITTED
	JDBC fetch size: 100
	Pool: DriverManagerConnectionProviderImpl
	Minimum pool size: 1
	Maximum pool size: 20
2025-10-08T14:57:42.075+02:00  INFO 25720 --- [exercises] [    Test worker] o.h.e.t.j.p.i.JtaPlatformInitiator       : HHH000489: No JTA platform available (set 'hibernate.transaction.jta.platform' to enable JTA platform integration)
2025-10-08T14:57:42.078+02:00 DEBUG 25720 --- [exercises] [    Test worker] org.hibernate.SQL                        : 
    drop table if exists polls cascade 
Hibernate: 
    drop table if exists polls cascade 
2025-10-08T14:57:42.087+02:00 DEBUG 25720 --- [exercises] [    Test worker] org.hibernate.SQL                        : 
    drop table if exists users cascade 
Hibernate: 
    drop table if exists users cascade 
2025-10-08T14:57:42.089+02:00 DEBUG 25720 --- [exercises] [    Test worker] org.hibernate.SQL                        : 
    drop table if exists vote_options cascade 
Hibernate: 
    drop table if exists vote_options cascade 
2025-10-08T14:57:42.091+02:00 DEBUG 25720 --- [exercises] [    Test worker] org.hibernate.SQL                        : 
    drop table if exists votes cascade 
Hibernate: 
    drop table if exists votes cascade 
2025-10-08T14:57:42.094+02:00 DEBUG 25720 --- [exercises] [    Test worker] org.hibernate.SQL                        : 
    create table polls (
        created_by bigint not null,
        id bigint generated by default as identity,
        publishedAt timestamp(6) with time zone,
        validUntil timestamp(6) with time zone,
        question varchar(255) not null,
        primary key (id)
    )
Hibernate: 
    create table polls (
        created_by bigint not null,
        id bigint generated by default as identity,
        publishedAt timestamp(6) with time zone,
        validUntil timestamp(6) with time zone,
        question varchar(255) not null,
        primary key (id)
    )
2025-10-08T14:57:42.099+02:00 DEBUG 25720 --- [exercises] [    Test worker] org.hibernate.SQL                        : 
    create table users (
        id bigint generated by default as identity,
        email varchar(255) not null unique,
        username varchar(255) not null unique,
        primary key (id)
    )
Hibernate: 
    create table users (
        id bigint generated by default as identity,
        email varchar(255) not null unique,
        username varchar(255) not null unique,
        primary key (id)
    )
2025-10-08T14:57:42.105+02:00 DEBUG 25720 --- [exercises] [    Test worker] org.hibernate.SQL                        : 
    create table vote_options (
        presentationOrder integer not null,
        voteCount integer not null,
        id bigint generated by default as identity,
        poll_id bigint not null,
        caption varchar(255) not null,
        primary key (id)
    )
Hibernate: 
    create table vote_options (
        presentationOrder integer not null,
        voteCount integer not null,
        id bigint generated by default as identity,
        poll_id bigint not null,
        caption varchar(255) not null,
        primary key (id)
    )
2025-10-08T14:57:42.111+02:00 DEBUG 25720 --- [exercises] [    Test worker] org.hibernate.SQL                        : 
    create table votes (
        id bigint generated by default as identity,
        option_id bigint not null,
        publishedAt timestamp(6) with time zone not null,
        primary key (id)
    )
Hibernate: 
    create table votes (
        id bigint generated by default as identity,
        option_id bigint not null,
        publishedAt timestamp(6) with time zone not null,
        primary key (id)
    )
2025-10-08T14:57:42.114+02:00 DEBUG 25720 --- [exercises] [    Test worker] org.hibernate.SQL                        : 
    alter table if exists polls 
       add constraint FKs2iay0nvudl3tl0a33ji0pxyn 
       foreign key (created_by) 
       references users
Hibernate: 
    alter table if exists polls 
       add constraint FKs2iay0nvudl3tl0a33ji0pxyn 
       foreign key (created_by) 
       references users
2025-10-08T14:57:42.119+02:00 DEBUG 25720 --- [exercises] [    Test worker] org.hibernate.SQL                        : 
    alter table if exists vote_options 
       add constraint FK56hcvg8yyift6bfeek4yvi2vt 
       foreign key (poll_id) 
       references polls
Hibernate: 
    alter table if exists vote_options 
       add constraint FK56hcvg8yyift6bfeek4yvi2vt 
       foreign key (poll_id) 
       references polls
2025-10-08T14:57:42.124+02:00 DEBUG 25720 --- [exercises] [    Test worker] org.hibernate.SQL                        : 
    alter table if exists votes 
       add constraint FKce7opojrsdpq1rkbvd4vj2qs5 
       foreign key (option_id) 
       references vote_options
Hibernate: 
    alter table if exists votes 
       add constraint FKce7opojrsdpq1rkbvd4vj2qs5 
       foreign key (option_id) 
       references vote_options
2025-10-08T14:57:42.246+02:00 DEBUG 25720 --- [exercises] [    Test worker] org.hibernate.SQL                        : 
    /* insert 
    for
        DAT250.exercises.jpa.polls.User
        */insert 
    into
        users (email, username, id) 
    values
        (?, ?, default)
Hibernate: 
    /* insert 
    for
        DAT250.exercises.jpa.polls.User
        */insert 
    into
        users (email, username, id) 
    values
        (?, ?, default)
2025-10-08T14:57:42.381+02:00 DEBUG 25720 --- [exercises] [    Test worker] org.hibernate.SQL                        : 
    /* insert 
    for
        DAT250.exercises.jpa.polls.User
        */insert 
    into
        users (email, username, id) 
    values
        (?, ?, default)
Hibernate: 
    /* insert 
    for
        DAT250.exercises.jpa.polls.User
        */insert 
    into
        users (email, username, id) 
    values
        (?, ?, default)
2025-10-08T14:57:42.385+02:00 DEBUG 25720 --- [exercises] [    Test worker] org.hibernate.SQL                        : 
    /* insert 
    for
        DAT250.exercises.jpa.polls.User
        */insert 
    into
        users (email, username, id) 
    values
        (?, ?, default)
Hibernate: 
    /* insert 
    for
        DAT250.exercises.jpa.polls.User
        */insert 
    into
        users (email, username, id) 
    values
        (?, ?, default)
2025-10-08T14:57:42.396+02:00 DEBUG 25720 --- [exercises] [    Test worker] org.hibernate.SQL                        : 
    /* insert 
    for
        DAT250.exercises.jpa.polls.Poll
        */insert 
    into
        polls (created_by, publishedAt, question, validUntil, id) 
    values
        (?, ?, ?, ?, default)
Hibernate: 
    /* insert 
    for
        DAT250.exercises.jpa.polls.Poll
        */insert 
    into
        polls (created_by, publishedAt, question, validUntil, id) 
    values
        (?, ?, ?, ?, default)
2025-10-08T14:57:42.404+02:00 DEBUG 25720 --- [exercises] [    Test worker] org.hibernate.SQL                        : 
    /* insert 
    for
        DAT250.exercises.jpa.polls.VoteOption
        */insert 
    into
        vote_options (caption, poll_id, presentationOrder, voteCount, id) 
    values
        (?, ?, ?, ?, default)
Hibernate: 
    /* insert 
    for
        DAT250.exercises.jpa.polls.VoteOption
        */insert 
    into
        vote_options (caption, poll_id, presentationOrder, voteCount, id) 
    values
        (?, ?, ?, ?, default)
2025-10-08T14:57:42.410+02:00 DEBUG 25720 --- [exercises] [    Test worker] org.hibernate.SQL                        : 
    /* insert 
    for
        DAT250.exercises.jpa.polls.VoteOption
        */insert 
    into
        vote_options (caption, poll_id, presentationOrder, voteCount, id) 
    values
        (?, ?, ?, ?, default)
Hibernate: 
    /* insert 
    for
        DAT250.exercises.jpa.polls.VoteOption
        */insert 
    into
        vote_options (caption, poll_id, presentationOrder, voteCount, id) 
    values
        (?, ?, ?, ?, default)
2025-10-08T14:57:42.414+02:00 DEBUG 25720 --- [exercises] [    Test worker] org.hibernate.SQL                        : 
    /* insert 
    for
        DAT250.exercises.jpa.polls.Poll
        */insert 
    into
        polls (created_by, publishedAt, question, validUntil, id) 
    values
        (?, ?, ?, ?, default)
Hibernate: 
    /* insert 
    for
        DAT250.exercises.jpa.polls.Poll
        */insert 
    into
        polls (created_by, publishedAt, question, validUntil, id) 
    values
        (?, ?, ?, ?, default)
2025-10-08T14:57:42.420+02:00 DEBUG 25720 --- [exercises] [    Test worker] org.hibernate.SQL                        : 
    /* insert 
    for
        DAT250.exercises.jpa.polls.VoteOption
        */insert 
    into
        vote_options (caption, poll_id, presentationOrder, voteCount, id) 
    values
        (?, ?, ?, ?, default)
Hibernate: 
    /* insert 
    for
        DAT250.exercises.jpa.polls.VoteOption
        */insert 
    into
        vote_options (caption, poll_id, presentationOrder, voteCount, id) 
    values
        (?, ?, ?, ?, default)
2025-10-08T14:57:42.426+02:00 DEBUG 25720 --- [exercises] [    Test worker] org.hibernate.SQL                        : 
    /* insert 
    for
        DAT250.exercises.jpa.polls.VoteOption
        */insert 
    into
        vote_options (caption, poll_id, presentationOrder, voteCount, id) 
    values
        (?, ?, ?, ?, default)
Hibernate: 
    /* insert 
    for
        DAT250.exercises.jpa.polls.VoteOption
        */insert 
    into
        vote_options (caption, poll_id, presentationOrder, voteCount, id) 
    values
        (?, ?, ?, ?, default)
2025-10-08T14:57:42.430+02:00 DEBUG 25720 --- [exercises] [    Test worker] org.hibernate.SQL                        : 
    /* insert 
    for
        DAT250.exercises.jpa.polls.Vote
        */insert 
    into
        votes (publishedAt, option_id, id) 
    values
        (?, ?, default)
Hibernate: 
    /* insert 
    for
        DAT250.exercises.jpa.polls.Vote
        */insert 
    into
        votes (publishedAt, option_id, id) 
    values
        (?, ?, default)
2025-10-08T14:57:42.452+02:00 DEBUG 25720 --- [exercises] [    Test worker] org.hibernate.SQL                        : 
    /* insert 
    for
        DAT250.exercises.jpa.polls.Vote
        */insert 
    into
        votes (publishedAt, option_id, id) 
    values
        (?, ?, default)
Hibernate: 
    /* insert 
    for
        DAT250.exercises.jpa.polls.Vote
        */insert 
    into
        votes (publishedAt, option_id, id) 
    values
        (?, ?, default)
2025-10-08T14:57:42.456+02:00 DEBUG 25720 --- [exercises] [    Test worker] org.hibernate.SQL                        : 
    /* insert 
    for
        DAT250.exercises.jpa.polls.Vote
        */insert 
    into
        votes (publishedAt, option_id, id) 
    values
        (?, ?, default)
Hibernate: 
    /* insert 
    for
        DAT250.exercises.jpa.polls.Vote
        */insert 
    into
        votes (publishedAt, option_id, id) 
    values
        (?, ?, default)
2025-10-08T14:57:42.461+02:00 DEBUG 25720 --- [exercises] [    Test worker] org.hibernate.SQL                        : 
    /* insert 
    for
        DAT250.exercises.jpa.polls.Vote
        */insert 
    into
        votes (publishedAt, option_id, id) 
    values
        (?, ?, default)
Hibernate: 
    /* insert 
    for
        DAT250.exercises.jpa.polls.Vote
        */insert 
    into
        votes (publishedAt, option_id, id) 
    values
        (?, ?, default)
2025-10-08T14:57:42.730+02:00 DEBUG 25720 --- [exercises] [    Test worker] org.hibernate.SQL                        : 
    /* select
        o.caption 
    from
        Poll p 
    join
        p.options o 
    join
        p.createdBy u 
    where
        u.email = :mail 
    order by
        o.presentationOrder */ select
            o1_0.caption 
        from
            polls p1_0 
        join
            vote_options o1_0 
                on p1_0.id=o1_0.poll_id 
        join
            users cb1_0 
                on cb1_0.id=p1_0.created_by 
        where
            cb1_0.email=? 
        order by
            o1_0.presentationOrder
Hibernate: 
    /* select
        o.caption 
    from
        Poll p 
    join
        p.options o 
    join
        p.createdBy u 
    where
        u.email = :mail 
    order by
        o.presentationOrder */ select
            o1_0.caption 
        from
            polls p1_0 
        join
            vote_options o1_0 
                on p1_0.id=o1_0.poll_id 
        join
            users cb1_0 
                on cb1_0.id=p1_0.created_by 
        where
            cb1_0.email=? 
        order by
            o1_0.presentationOrder
2025-10-08T14:57:42.750+02:00  INFO 25720 --- [exercises] [    Test worker] o.hibernate.jpa.internal.util.LogHelper  : HHH000204: Processing PersistenceUnitInfo [name: polls]
2025-10-08T14:57:42.821+02:00  WARN 25720 --- [exercises] [    Test worker] org.hibernate.orm.connections.pooling    : HHH10001002: Using built-in connection pool (not intended for production use)
2025-10-08T14:57:42.837+02:00  INFO 25720 --- [exercises] [    Test worker] org.hibernate.orm.connections.pooling    : HHH10001005: Database info:
	Database JDBC URL [jdbc:h2:file:./build/h2/pollsdb;DB_CLOSE_DELAY=-1;DB_CLOSE_ON_EXIT=FALSE]
	Database driver: H2 JDBC Driver
	Database dialect: H2Dialect
	Database version: 2.3.232
	Default catalog/schema: POLLSDB/PUBLIC
	Autocommit mode: false
	Isolation level: READ_COMMITTED
	JDBC fetch size: 100
	Pool: DriverManagerConnectionProviderImpl
	Minimum pool size: 1
	Maximum pool size: 20
2025-10-08T14:57:42.973+02:00  INFO 25720 --- [exercises] [    Test worker] o.h.e.t.j.p.i.JtaPlatformInitiator       : HHH000489: No JTA platform available (set 'hibernate.transaction.jta.platform' to enable JTA platform integration)
2025-10-08T14:57:42.977+02:00 DEBUG 25720 --- [exercises] [    Test worker] org.hibernate.SQL                        : 
    drop table if exists polls cascade 
Hibernate: 
    drop table if exists polls cascade 
2025-10-08T14:57:42.984+02:00 DEBUG 25720 --- [exercises] [    Test worker] org.hibernate.SQL                        : 
    drop table if exists users cascade 
Hibernate: 
    drop table if exists users cascade 
2025-10-08T14:57:42.987+02:00 DEBUG 25720 --- [exercises] [    Test worker] org.hibernate.SQL                        : 
    drop table if exists vote_options cascade 
Hibernate: 
    drop table if exists vote_options cascade 
2025-10-08T14:57:42.991+02:00 DEBUG 25720 --- [exercises] [    Test worker] org.hibernate.SQL                        : 
    drop table if exists votes cascade 
Hibernate: 
    drop table if exists votes cascade 
2025-10-08T14:57:42.994+02:00 DEBUG 25720 --- [exercises] [    Test worker] org.hibernate.SQL                        : 
    create table polls (
        created_by bigint not null,
        id bigint generated by default as identity,
        publishedAt timestamp(6) with time zone,
        validUntil timestamp(6) with time zone,
        question varchar(255) not null,
        primary key (id)
    )
Hibernate: 
    create table polls (
        created_by bigint not null,
        id bigint generated by default as identity,
        publishedAt timestamp(6) with time zone,
        validUntil timestamp(6) with time zone,
        question varchar(255) not null,
        primary key (id)
    )
2025-10-08T14:57:42.997+02:00 DEBUG 25720 --- [exercises] [    Test worker] org.hibernate.SQL                        : 
    create table users (
        id bigint generated by default as identity,
        email varchar(255) not null unique,
        username varchar(255) not null unique,
        primary key (id)
    )
Hibernate: 
    create table users (
        id bigint generated by default as identity,
        email varchar(255) not null unique,
        username varchar(255) not null unique,
        primary key (id)
    )
2025-10-08T14:57:43.002+02:00 DEBUG 25720 --- [exercises] [    Test worker] org.hibernate.SQL                        : 
    create table vote_options (
        presentationOrder integer not null,
        voteCount integer not null,
        id bigint generated by default as identity,
        poll_id bigint not null,
        caption varchar(255) not null,
        primary key (id)
    )
Hibernate: 
    create table vote_options (
        presentationOrder integer not null,
        voteCount integer not null,
        id bigint generated by default as identity,
        poll_id bigint not null,
        caption varchar(255) not null,
        primary key (id)
    )
2025-10-08T14:57:43.005+02:00 DEBUG 25720 --- [exercises] [    Test worker] org.hibernate.SQL                        : 
    create table votes (
        id bigint generated by default as identity,
        option_id bigint not null,
        publishedAt timestamp(6) with time zone not null,
        primary key (id)
    )
Hibernate: 
    create table votes (
        id bigint generated by default as identity,
        option_id bigint not null,
        publishedAt timestamp(6) with time zone not null,
        primary key (id)
    )
2025-10-08T14:57:43.009+02:00 DEBUG 25720 --- [exercises] [    Test worker] org.hibernate.SQL                        : 
    alter table if exists polls 
       add constraint FKs2iay0nvudl3tl0a33ji0pxyn 
       foreign key (created_by) 
       references users
Hibernate: 
    alter table if exists polls 
       add constraint FKs2iay0nvudl3tl0a33ji0pxyn 
       foreign key (created_by) 
       references users
2025-10-08T14:57:43.015+02:00 DEBUG 25720 --- [exercises] [    Test worker] org.hibernate.SQL                        : 
    alter table if exists vote_options 
       add constraint FK56hcvg8yyift6bfeek4yvi2vt 
       foreign key (poll_id) 
       references polls
Hibernate: 
    alter table if exists vote_options 
       add constraint FK56hcvg8yyift6bfeek4yvi2vt 
       foreign key (poll_id) 
       references polls
2025-10-08T14:57:43.022+02:00 DEBUG 25720 --- [exercises] [    Test worker] org.hibernate.SQL                        : 
    alter table if exists votes 
       add constraint FKce7opojrsdpq1rkbvd4vj2qs5 
       foreign key (option_id) 
       references vote_options
Hibernate: 
    alter table if exists votes 
       add constraint FKce7opojrsdpq1rkbvd4vj2qs5 
       foreign key (option_id) 
       references vote_options
2025-10-08T14:57:43.030+02:00 DEBUG 25720 --- [exercises] [    Test worker] org.hibernate.SQL                        : 
    /* insert 
    for
        DAT250.exercises.jpa.polls.User
        */insert 
    into
        users (email, username, id) 
    values
        (?, ?, default)
Hibernate: 
    /* insert 
    for
        DAT250.exercises.jpa.polls.User
        */insert 
    into
        users (email, username, id) 
    values
        (?, ?, default)
2025-10-08T14:57:43.037+02:00 DEBUG 25720 --- [exercises] [    Test worker] org.hibernate.SQL                        : 
    /* insert 
    for
        DAT250.exercises.jpa.polls.User
        */insert 
    into
        users (email, username, id) 
    values
        (?, ?, default)
Hibernate: 
    /* insert 
    for
        DAT250.exercises.jpa.polls.User
        */insert 
    into
        users (email, username, id) 
    values
        (?, ?, default)
2025-10-08T14:57:43.040+02:00 DEBUG 25720 --- [exercises] [    Test worker] org.hibernate.SQL                        : 
    /* insert 
    for
        DAT250.exercises.jpa.polls.User
        */insert 
    into
        users (email, username, id) 
    values
        (?, ?, default)
Hibernate: 
    /* insert 
    for
        DAT250.exercises.jpa.polls.User
        */insert 
    into
        users (email, username, id) 
    values
        (?, ?, default)
2025-10-08T14:57:43.043+02:00 DEBUG 25720 --- [exercises] [    Test worker] org.hibernate.SQL                        : 
    /* insert 
    for
        DAT250.exercises.jpa.polls.Poll
        */insert 
    into
        polls (created_by, publishedAt, question, validUntil, id) 
    values
        (?, ?, ?, ?, default)
Hibernate: 
    /* insert 
    for
        DAT250.exercises.jpa.polls.Poll
        */insert 
    into
        polls (created_by, publishedAt, question, validUntil, id) 
    values
        (?, ?, ?, ?, default)
2025-10-08T14:57:43.048+02:00 DEBUG 25720 --- [exercises] [    Test worker] org.hibernate.SQL                        : 
    /* insert 
    for
        DAT250.exercises.jpa.polls.VoteOption
        */insert 
    into
        vote_options (caption, poll_id, presentationOrder, voteCount, id) 
    values
        (?, ?, ?, ?, default)
Hibernate: 
    /* insert 
    for
        DAT250.exercises.jpa.polls.VoteOption
        */insert 
    into
        vote_options (caption, poll_id, presentationOrder, voteCount, id) 
    values
        (?, ?, ?, ?, default)
2025-10-08T14:57:43.051+02:00 DEBUG 25720 --- [exercises] [    Test worker] org.hibernate.SQL                        : 
    /* insert 
    for
        DAT250.exercises.jpa.polls.VoteOption
        */insert 
    into
        vote_options (caption, poll_id, presentationOrder, voteCount, id) 
    values
        (?, ?, ?, ?, default)
Hibernate: 
    /* insert 
    for
        DAT250.exercises.jpa.polls.VoteOption
        */insert 
    into
        vote_options (caption, poll_id, presentationOrder, voteCount, id) 
    values
        (?, ?, ?, ?, default)
2025-10-08T14:57:43.055+02:00 DEBUG 25720 --- [exercises] [    Test worker] org.hibernate.SQL                        : 
    /* insert 
    for
        DAT250.exercises.jpa.polls.Poll
        */insert 
    into
        polls (created_by, publishedAt, question, validUntil, id) 
    values
        (?, ?, ?, ?, default)
Hibernate: 
    /* insert 
    for
        DAT250.exercises.jpa.polls.Poll
        */insert 
    into
        polls (created_by, publishedAt, question, validUntil, id) 
    values
        (?, ?, ?, ?, default)
2025-10-08T14:57:43.058+02:00 DEBUG 25720 --- [exercises] [    Test worker] org.hibernate.SQL                        : 
    /* insert 
    for
        DAT250.exercises.jpa.polls.VoteOption
        */insert 
    into
        vote_options (caption, poll_id, presentationOrder, voteCount, id) 
    values
        (?, ?, ?, ?, default)
Hibernate: 
    /* insert 
    for
        DAT250.exercises.jpa.polls.VoteOption
        */insert 
    into
        vote_options (caption, poll_id, presentationOrder, voteCount, id) 
    values
        (?, ?, ?, ?, default)
2025-10-08T14:57:43.061+02:00 DEBUG 25720 --- [exercises] [    Test worker] org.hibernate.SQL                        : 
    /* insert 
    for
        DAT250.exercises.jpa.polls.VoteOption
        */insert 
    into
        vote_options (caption, poll_id, presentationOrder, voteCount, id) 
    values
        (?, ?, ?, ?, default)
Hibernate: 
    /* insert 
    for
        DAT250.exercises.jpa.polls.VoteOption
        */insert 
    into
        vote_options (caption, poll_id, presentationOrder, voteCount, id) 
    values
        (?, ?, ?, ?, default)
2025-10-08T14:57:43.064+02:00 DEBUG 25720 --- [exercises] [    Test worker] org.hibernate.SQL                        : 
    /* insert 
    for
        DAT250.exercises.jpa.polls.Vote
        */insert 
    into
        votes (publishedAt, option_id, id) 
    values
        (?, ?, default)
Hibernate: 
    /* insert 
    for
        DAT250.exercises.jpa.polls.Vote
        */insert 
    into
        votes (publishedAt, option_id, id) 
    values
        (?, ?, default)
2025-10-08T14:57:43.068+02:00 DEBUG 25720 --- [exercises] [    Test worker] org.hibernate.SQL                        : 
    /* insert 
    for
        DAT250.exercises.jpa.polls.Vote
        */insert 
    into
        votes (publishedAt, option_id, id) 
    values
        (?, ?, default)
Hibernate: 
    /* insert 
    for
        DAT250.exercises.jpa.polls.Vote
        */insert 
    into
        votes (publishedAt, option_id, id) 
    values
        (?, ?, default)
2025-10-08T14:57:43.071+02:00 DEBUG 25720 --- [exercises] [    Test worker] org.hibernate.SQL                        : 
    /* insert 
    for
        DAT250.exercises.jpa.polls.Vote
        */insert 
    into
        votes (publishedAt, option_id, id) 
    values
        (?, ?, default)
Hibernate: 
    /* insert 
    for
        DAT250.exercises.jpa.polls.Vote
        */insert 
    into
        votes (publishedAt, option_id, id) 
    values
        (?, ?, default)
2025-10-08T14:57:43.075+02:00 DEBUG 25720 --- [exercises] [    Test worker] org.hibernate.SQL                        : 
    /* insert 
    for
        DAT250.exercises.jpa.polls.Vote
        */insert 
    into
        votes (publishedAt, option_id, id) 
    values
        (?, ?, default)
Hibernate: 
    /* insert 
    for
        DAT250.exercises.jpa.polls.Vote
        */insert 
    into
        votes (publishedAt, option_id, id) 
    values
        (?, ?, default)
2025-10-08T14:57:43.149+02:00 DEBUG 25720 --- [exercises] [    Test worker] org.hibernate.SQL                        : 
    /* dynamic native SQL query */ select
        count(id) 
    from
        users
Hibernate: 
    /* dynamic native SQL query */ select
        count(id) 
    from
        users
2025-10-08T14:57:43.198+02:00 DEBUG 25720 --- [exercises] [    Test worker] org.hibernate.SQL                        : 
    /* select
        u 
    from
        User u 
    where
        u.username like 'bob' */ select
            u1_0.id,
            u1_0.email,
            u1_0.username 
        from
            users u1_0 
        where
            u1_0.username like 'bob' escape ''
Hibernate: 
    /* select
        u 
    from
        User u 
    where
        u.username like 'bob' */ select
            u1_0.id,
            u1_0.email,
            u1_0.username 
        from
            users u1_0 
        where
            u1_0.username like 'bob' escape ''
2025-10-08T14:57:43.269+02:00  INFO 25720 --- [exercises] [    Test worker] o.hibernate.jpa.internal.util.LogHelper  : HHH000204: Processing PersistenceUnitInfo [name: polls]
2025-10-08T14:57:43.333+02:00  WARN 25720 --- [exercises] [    Test worker] org.hibernate.orm.connections.pooling    : HHH10001002: Using built-in connection pool (not intended for production use)
2025-10-08T14:57:43.342+02:00  INFO 25720 --- [exercises] [    Test worker] org.hibernate.orm.connections.pooling    : HHH10001005: Database info:
	Database JDBC URL [jdbc:h2:file:./build/h2/pollsdb;DB_CLOSE_DELAY=-1;DB_CLOSE_ON_EXIT=FALSE]
	Database driver: H2 JDBC Driver
	Database dialect: H2Dialect
	Database version: 2.3.232
	Default catalog/schema: POLLSDB/PUBLIC
	Autocommit mode: false
	Isolation level: READ_COMMITTED
	JDBC fetch size: 100
	Pool: DriverManagerConnectionProviderImpl
	Minimum pool size: 1
	Maximum pool size: 20
2025-10-08T14:57:43.437+02:00  INFO 25720 --- [exercises] [    Test worker] o.h.e.t.j.p.i.JtaPlatformInitiator       : HHH000489: No JTA platform available (set 'hibernate.transaction.jta.platform' to enable JTA platform integration)
2025-10-08T14:57:43.440+02:00 DEBUG 25720 --- [exercises] [    Test worker] org.hibernate.SQL                        : 
    drop table if exists polls cascade 
Hibernate: 
    drop table if exists polls cascade 
2025-10-08T14:57:43.442+02:00 DEBUG 25720 --- [exercises] [    Test worker] org.hibernate.SQL                        : 
    drop table if exists users cascade 
Hibernate: 
    drop table if exists users cascade 
2025-10-08T14:57:43.446+02:00 DEBUG 25720 --- [exercises] [    Test worker] org.hibernate.SQL                        : 
    drop table if exists vote_options cascade 
Hibernate: 
    drop table if exists vote_options cascade 
2025-10-08T14:57:43.448+02:00 DEBUG 25720 --- [exercises] [    Test worker] org.hibernate.SQL                        : 
    drop table if exists votes cascade 
Hibernate: 
    drop table if exists votes cascade 
2025-10-08T14:57:43.450+02:00 DEBUG 25720 --- [exercises] [    Test worker] org.hibernate.SQL                        : 
    create table polls (
        created_by bigint not null,
        id bigint generated by default as identity,
        publishedAt timestamp(6) with time zone,
        validUntil timestamp(6) with time zone,
        question varchar(255) not null,
        primary key (id)
    )
Hibernate: 
    create table polls (
        created_by bigint not null,
        id bigint generated by default as identity,
        publishedAt timestamp(6) with time zone,
        validUntil timestamp(6) with time zone,
        question varchar(255) not null,
        primary key (id)
    )
2025-10-08T14:57:43.453+02:00 DEBUG 25720 --- [exercises] [    Test worker] org.hibernate.SQL                        : 
    create table users (
        id bigint generated by default as identity,
        email varchar(255) not null unique,
        username varchar(255) not null unique,
        primary key (id)
    )
Hibernate: 
    create table users (
        id bigint generated by default as identity,
        email varchar(255) not null unique,
        username varchar(255) not null unique,
        primary key (id)
    )
2025-10-08T14:57:43.458+02:00 DEBUG 25720 --- [exercises] [    Test worker] org.hibernate.SQL                        : 
    create table vote_options (
        presentationOrder integer not null,
        voteCount integer not null,
        id bigint generated by default as identity,
        poll_id bigint not null,
        caption varchar(255) not null,
        primary key (id)
    )
Hibernate: 
    create table vote_options (
        presentationOrder integer not null,
        voteCount integer not null,
        id bigint generated by default as identity,
        poll_id bigint not null,
        caption varchar(255) not null,
        primary key (id)
    )
2025-10-08T14:57:43.461+02:00 DEBUG 25720 --- [exercises] [    Test worker] org.hibernate.SQL                        : 
    create table votes (
        id bigint generated by default as identity,
        option_id bigint not null,
        publishedAt timestamp(6) with time zone not null,
        primary key (id)
    )
Hibernate: 
    create table votes (
        id bigint generated by default as identity,
        option_id bigint not null,
        publishedAt timestamp(6) with time zone not null,
        primary key (id)
    )
2025-10-08T14:57:43.464+02:00 DEBUG 25720 --- [exercises] [    Test worker] org.hibernate.SQL                        : 
    alter table if exists polls 
       add constraint FKs2iay0nvudl3tl0a33ji0pxyn 
       foreign key (created_by) 
       references users
Hibernate: 
    alter table if exists polls 
       add constraint FKs2iay0nvudl3tl0a33ji0pxyn 
       foreign key (created_by) 
       references users
2025-10-08T14:57:43.468+02:00 DEBUG 25720 --- [exercises] [    Test worker] org.hibernate.SQL                        : 
    alter table if exists vote_options 
       add constraint FK56hcvg8yyift6bfeek4yvi2vt 
       foreign key (poll_id) 
       references polls
Hibernate: 
    alter table if exists vote_options 
       add constraint FK56hcvg8yyift6bfeek4yvi2vt 
       foreign key (poll_id) 
       references polls
2025-10-08T14:57:43.472+02:00 DEBUG 25720 --- [exercises] [    Test worker] org.hibernate.SQL                        : 
    alter table if exists votes 
       add constraint FKce7opojrsdpq1rkbvd4vj2qs5 
       foreign key (option_id) 
       references vote_options
Hibernate: 
    alter table if exists votes 
       add constraint FKce7opojrsdpq1rkbvd4vj2qs5 
       foreign key (option_id) 
       references vote_options
2025-10-08T14:57:43.478+02:00 DEBUG 25720 --- [exercises] [    Test worker] org.hibernate.SQL                        : 
    /* insert 
    for
        DAT250.exercises.jpa.polls.User
        */insert 
    into
        users (email, username, id) 
    values
        (?, ?, default)
Hibernate: 
    /* insert 
    for
        DAT250.exercises.jpa.polls.User
        */insert 
    into
        users (email, username, id) 
    values
        (?, ?, default)
2025-10-08T14:57:43.483+02:00 DEBUG 25720 --- [exercises] [    Test worker] org.hibernate.SQL                        : 
    /* insert 
    for
        DAT250.exercises.jpa.polls.User
        */insert 
    into
        users (email, username, id) 
    values
        (?, ?, default)
Hibernate: 
    /* insert 
    for
        DAT250.exercises.jpa.polls.User
        */insert 
    into
        users (email, username, id) 
    values
        (?, ?, default)
2025-10-08T14:57:43.486+02:00 DEBUG 25720 --- [exercises] [    Test worker] org.hibernate.SQL                        : 
    /* insert 
    for
        DAT250.exercises.jpa.polls.User
        */insert 
    into
        users (email, username, id) 
    values
        (?, ?, default)
Hibernate: 
    /* insert 
    for
        DAT250.exercises.jpa.polls.User
        */insert 
    into
        users (email, username, id) 
    values
        (?, ?, default)
2025-10-08T14:57:43.489+02:00 DEBUG 25720 --- [exercises] [    Test worker] org.hibernate.SQL                        : 
    /* insert 
    for
        DAT250.exercises.jpa.polls.Poll
        */insert 
    into
        polls (created_by, publishedAt, question, validUntil, id) 
    values
        (?, ?, ?, ?, default)
Hibernate: 
    /* insert 
    for
        DAT250.exercises.jpa.polls.Poll
        */insert 
    into
        polls (created_by, publishedAt, question, validUntil, id) 
    values
        (?, ?, ?, ?, default)
2025-10-08T14:57:43.492+02:00 DEBUG 25720 --- [exercises] [    Test worker] org.hibernate.SQL                        : 
    /* insert 
    for
        DAT250.exercises.jpa.polls.VoteOption
        */insert 
    into
        vote_options (caption, poll_id, presentationOrder, voteCount, id) 
    values
        (?, ?, ?, ?, default)
Hibernate: 
    /* insert 
    for
        DAT250.exercises.jpa.polls.VoteOption
        */insert 
    into
        vote_options (caption, poll_id, presentationOrder, voteCount, id) 
    values
        (?, ?, ?, ?, default)
2025-10-08T14:57:43.495+02:00 DEBUG 25720 --- [exercises] [    Test worker] org.hibernate.SQL                        : 
    /* insert 
    for
        DAT250.exercises.jpa.polls.VoteOption
        */insert 
    into
        vote_options (caption, poll_id, presentationOrder, voteCount, id) 
    values
        (?, ?, ?, ?, default)
Hibernate: 
    /* insert 
    for
        DAT250.exercises.jpa.polls.VoteOption
        */insert 
    into
        vote_options (caption, poll_id, presentationOrder, voteCount, id) 
    values
        (?, ?, ?, ?, default)
2025-10-08T14:57:43.497+02:00 DEBUG 25720 --- [exercises] [    Test worker] org.hibernate.SQL                        : 
    /* insert 
    for
        DAT250.exercises.jpa.polls.Poll
        */insert 
    into
        polls (created_by, publishedAt, question, validUntil, id) 
    values
        (?, ?, ?, ?, default)
Hibernate: 
    /* insert 
    for
        DAT250.exercises.jpa.polls.Poll
        */insert 
    into
        polls (created_by, publishedAt, question, validUntil, id) 
    values
        (?, ?, ?, ?, default)
2025-10-08T14:57:43.500+02:00 DEBUG 25720 --- [exercises] [    Test worker] org.hibernate.SQL                        : 
    /* insert 
    for
        DAT250.exercises.jpa.polls.VoteOption
        */insert 
    into
        vote_options (caption, poll_id, presentationOrder, voteCount, id) 
    values
        (?, ?, ?, ?, default)
Hibernate: 
    /* insert 
    for
        DAT250.exercises.jpa.polls.VoteOption
        */insert 
    into
        vote_options (caption, poll_id, presentationOrder, voteCount, id) 
    values
        (?, ?, ?, ?, default)
2025-10-08T14:57:43.503+02:00 DEBUG 25720 --- [exercises] [    Test worker] org.hibernate.SQL                        : 
    /* insert 
    for
        DAT250.exercises.jpa.polls.VoteOption
        */insert 
    into
        vote_options (caption, poll_id, presentationOrder, voteCount, id) 
    values
        (?, ?, ?, ?, default)
Hibernate: 
    /* insert 
    for
        DAT250.exercises.jpa.polls.VoteOption
        */insert 
    into
        vote_options (caption, poll_id, presentationOrder, voteCount, id) 
    values
        (?, ?, ?, ?, default)
2025-10-08T14:57:43.505+02:00 DEBUG 25720 --- [exercises] [    Test worker] org.hibernate.SQL                        : 
    /* insert 
    for
        DAT250.exercises.jpa.polls.Vote
        */insert 
    into
        votes (publishedAt, option_id, id) 
    values
        (?, ?, default)
Hibernate: 
    /* insert 
    for
        DAT250.exercises.jpa.polls.Vote
        */insert 
    into
        votes (publishedAt, option_id, id) 
    values
        (?, ?, default)
2025-10-08T14:57:43.509+02:00 DEBUG 25720 --- [exercises] [    Test worker] org.hibernate.SQL                        : 
    /* insert 
    for
        DAT250.exercises.jpa.polls.Vote
        */insert 
    into
        votes (publishedAt, option_id, id) 
    values
        (?, ?, default)
Hibernate: 
    /* insert 
    for
        DAT250.exercises.jpa.polls.Vote
        */insert 
    into
        votes (publishedAt, option_id, id) 
    values
        (?, ?, default)
2025-10-08T14:57:43.511+02:00 DEBUG 25720 --- [exercises] [    Test worker] org.hibernate.SQL                        : 
    /* insert 
    for
        DAT250.exercises.jpa.polls.Vote
        */insert 
    into
        votes (publishedAt, option_id, id) 
    values
        (?, ?, default)
Hibernate: 
    /* insert 
    for
        DAT250.exercises.jpa.polls.Vote
        */insert 
    into
        votes (publishedAt, option_id, id) 
    values
        (?, ?, default)
2025-10-08T14:57:43.514+02:00 DEBUG 25720 --- [exercises] [    Test worker] org.hibernate.SQL                        : 
    /* insert 
    for
        DAT250.exercises.jpa.polls.Vote
        */insert 
    into
        votes (publishedAt, option_id, id) 
    values
        (?, ?, default)
Hibernate: 
    /* insert 
    for
        DAT250.exercises.jpa.polls.Vote
        */insert 
    into
        votes (publishedAt, option_id, id) 
    values
        (?, ?, default)
2025-10-08T14:57:43.660+02:00 DEBUG 25720 --- [exercises] [    Test worker] org.hibernate.SQL                        : 
    /* select
        count(v) 
    from
        Vote v 
    join
        v.votesOn as o 
    join
        o.poll as p 
    join
        p.createdBy u 
    where
        u.email = :mail 
        and o.presentationOrder = :order */ select
            count(v1_0.id) 
        from
            votes v1_0 
        join
            vote_options vo1_0 
                on vo1_0.id=v1_0.option_id 
        join
            polls p1_0 
                on p1_0.id=vo1_0.poll_id 
        join
            users cb1_0 
                on cb1_0.id=p1_0.created_by 
        where
            cb1_0.email=? 
            and vo1_0.presentationOrder=?
Hibernate: 
    /* select
        count(v) 
    from
        Vote v 
    join
        v.votesOn as o 
    join
        o.poll as p 
    join
        p.createdBy u 
    where
        u.email = :mail 
        and o.presentationOrder = :order */ select
            count(v1_0.id) 
        from
            votes v1_0 
        join
            vote_options vo1_0 
                on vo1_0.id=v1_0.option_id 
        join
            polls p1_0 
                on p1_0.id=vo1_0.poll_id 
        join
            users cb1_0 
                on cb1_0.id=p1_0.created_by 
        where
            cb1_0.email=? 
            and vo1_0.presentationOrder=?
2025-10-08T14:57:43.682+02:00 DEBUG 25720 --- [exercises] [    Test worker] org.hibernate.SQL                        : 
    /* select
        count(v) 
    from
        Vote v 
    join
        v.votesOn as o 
    join
        o.poll as p 
    join
        p.createdBy u 
    where
        u.email = :mail 
        and o.presentationOrder = :order */ select
            count(v1_0.id) 
        from
            votes v1_0 
        join
            vote_options vo1_0 
                on vo1_0.id=v1_0.option_id 
        join
            polls p1_0 
                on p1_0.id=vo1_0.poll_id 
        join
            users cb1_0 
                on cb1_0.id=p1_0.created_by 
        where
            cb1_0.email=? 
            and vo1_0.presentationOrder=?
Hibernate: 
    /* select
        count(v) 
    from
        Vote v 
    join
        v.votesOn as o 
    join
        o.poll as p 
    join
        p.createdBy u 
    where
        u.email = :mail 
        and o.presentationOrder = :order */ select
            count(v1_0.id) 
        from
            votes v1_0 
        join
            vote_options vo1_0 
                on vo1_0.id=v1_0.option_id 
        join
            polls p1_0 
                on p1_0.id=vo1_0.poll_id 
        join
            users cb1_0 
                on cb1_0.id=p1_0.created_by 
        where
            cb1_0.email=? 
            and vo1_0.presentationOrder=?
]]></system-out>
  <system-err><![CDATA[]]></system-err>
</testsuite>
